<?xml version="1.0" encoding="UTF-8"?>
<!-- Generated by org.testng.reporters.JUnitReportReporter -->
<testsuite hostname="DALSXS4439" name="MavenizedTestNGFramewok.SimpleSearchExample" tests="1" failures="0" timestamp="28 Sep 2016 14:04:23 GMT" time="1.998" errors="0">
  <testcase name="SearchInGoogle" time="1.998" classname="MavenizedTestNGFramewok.SimpleSearchExample"/>
</testsuite> <!-- MavenizedTestNGFramewok.SimpleSearchExample -->
