<?xml version="1.0" encoding="UTF-8"?>
<!-- Generated by org.testng.reporters.JUnitReportReporter -->
<testsuite hostname="DALSXS4439" name="MavenizedTestNGFramewok.SimpleSearchExampleTest" tests="1" failures="0" timestamp="28 Sep 2016 19:54:12 GMT" time="2.094" errors="0">
  <testcase name="SearchInGoogle" time="2.094" classname="MavenizedTestNGFramewok.SimpleSearchExampleTest"/>
</testsuite> <!-- MavenizedTestNGFramewok.SimpleSearchExampleTest -->
